15:29:57 INFO  c.p.f.ProgresssoftApplication - Starting ProgresssoftApplication using Java 25.0.1 with PID 19208 (C:\Users\Setup game\OneDrive\Bureau\side-projects\FXDealManager\target\classes started by Setup game in C:\Users\Setup game\OneDrive\Bureau\side-projects\FXDealManager)
15:29:57 INFO  c.p.f.ProgresssoftApplication - No active profile set, falling back to 1 default profile: "default"
15:29:57 INFO  o.s.d.r.c.RepositoryConfigurationDelegate - Bootstrapping Spring Data JPA repositories in DEFAULT mode.
15:29:57 INFO  o.s.d.r.c.RepositoryConfigurationDelegate - Finished Spring Data repository scanning in 39 ms. Found 1 JPA repository interface.
15:29:58 INFO  o.s.boot.tomcat.TomcatWebServer - Tomcat initialized with port 8080 (http)
15:29:58 INFO  o.a.catalina.core.StandardService - Starting service [Tomcat]
15:29:58 INFO  o.a.catalina.core.StandardEngine - Starting Servlet engine: [Apache Tomcat/11.0.14]
15:29:58 INFO  o.s.b.w.c.s.WebApplicationContextInitializer - Root WebApplicationContext: initialization completed in 991 ms
15:29:58 INFO  o.h.jpa.internal.util.LogHelper - HHH000204: Processing PersistenceUnitInfo [name: default]
15:29:58 INFO  org.hibernate.Version - HHH000412: Hibernate ORM core version 7.1.8.Final
15:29:58 INFO  o.s.o.j.p.SpringPersistenceUnitInfo - No LoadTimeWeaver setup: ignoring JPA class transformer
15:29:59 INFO  com.zaxxer.hikari.HikariDataSource - HikariPool-1 - Starting...
15:29:59 INFO  com.zaxxer.hikari.pool.HikariPool - HikariPool-1 - Added connection org.postgresql.jdbc.PgConnection@6921cfa
15:29:59 INFO  com.zaxxer.hikari.HikariDataSource - HikariPool-1 - Start completed.
15:29:59 WARN  org.hibernate.orm.deprecation - HHH90000025: PostgreSQLDialect does not need to be specified explicitly using 'hibernate.dialect' (remove the property setting and it will be selected by default)
15:29:59 INFO  o.hibernate.orm.connections.pooling - HHH10001005: Database info:
	Database JDBC URL [jdbc:postgresql://localhost:5432/fxdealdb]
	Database driver: PostgreSQL JDBC Driver
	Database dialect: PostgreSQLDialect
	Database version: 15.15
	Default catalog/schema: fxdealdb/public
	Autocommit mode: undefined/unknown
	Isolation level: READ_COMMITTED [default READ_COMMITTED]
	JDBC fetch size: none
	Pool: DatasourceConnectionProviderImpl
	Minimum pool size: undefined/unknown
	Maximum pool size: undefined/unknown
15:29:59 INFO  o.h.e.t.j.p.i.JtaPlatformInitiator - HHH000489: No JTA platform available (set 'hibernate.transaction.jta.platform' to enable JTA platform integration)
15:30:00 INFO  o.s.o.j.LocalContainerEntityManagerFactoryBean - Initialized JPA EntityManagerFactory for persistence unit 'default'
15:30:00 INFO  o.s.d.j.r.q.QueryEnhancerFactories - Hibernate is in classpath; If applicable, HQL parser will be used.
15:30:00 WARN  o.s.b.j.a.JpaBaseConfiguration$JpaWebConfiguration - spring.jpa.open-in-view is enabled by default. Therefore, database queries may be performed during view rendering. Explicitly configure spring.jpa.open-in-view to disable this warning
15:30:00 INFO  o.s.boot.tomcat.TomcatWebServer - Tomcat started on port 8080 (http) with context path '/'
15:30:00 INFO  c.p.f.ProgresssoftApplication - Started ProgresssoftApplication in 3.669 seconds (process running for 4.001)
15:30:14 INFO  o.a.c.c.C.[Tomcat].[localhost].[/] - Initializing Spring DispatcherServlet 'dispatcherServlet'
15:30:14 INFO  o.s.web.servlet.DispatcherServlet - Initializing Servlet 'dispatcherServlet'
15:30:14 INFO  o.s.web.servlet.DispatcherServlet - Completed initialization in 1 ms
15:33:38 INFO  o.s.boot.tomcat.GracefulShutdown - Commencing graceful shutdown. Waiting for active requests to complete
15:33:38 INFO  o.s.boot.tomcat.GracefulShutdown - Graceful shutdown complete
15:33:38 INFO  o.s.o.j.LocalContainerEntityManagerFactoryBean - Closing JPA EntityManagerFactory for persistence unit 'default'
15:33:38 INFO  com.zaxxer.hikari.HikariDataSource - HikariPool-1 - Shutdown initiated...
15:33:38 INFO  com.zaxxer.hikari.HikariDataSource - HikariPool-1 - Shutdown completed.
